# JRE version: Java(TM) SE Runtime Environment (8.0_77-b03) (build 1.8.0_77-b03)
# Java VM: Java HotSpot(TM) 64-Bit Server VM (25.77-b03 mixed mode windows-amd64 compressed oops)
Heap:
 PSYoungGen      total 108032K, used 80791K [0x00000000eb180000, 0x00000000f3d80000, 0x0000000100000000)
  eden space 101888K, 73% used [0x00000000eb180000,0x00000000efa66770,0x00000000f1500000)
  from space 6144K, 99% used [0x00000000f3780000,0x00000000f3d7f788,0x00000000f3d80000)
  to   space 7680K, 0% used [0x00000000f2e80000,0x00000000f2e80000,0x00000000f3600000)
 ParOldGen       total 35328K, used 9638K [0x00000000c1400000, 0x00000000c3680000, 0x00000000eb180000)
  object space 35328K, 27% used [0x00000000c1400000,0x00000000c1d69b38,0x00000000c3680000)
 Metaspace       used 30840K, capacity 32756K, committed 33024K, reserved 1079296K
  class space    used 4143K, capacity 4524K, committed 4608K, reserved 1048576K
GC Heap History (10 events):
Event: 2.256 GC heap before
{Heap before GC invocations=5 (full 0):
 PSYoungGen      total 35328K, used 35273K [0x00000000eb180000, 0x00000000ed680000, 0x0000000100000000)
  eden space 32768K, 99% used [0x00000000eb180000,0x00000000ed1765a8,0x00000000ed180000)
  from space 2560K, 99% used [0x00000000ed400000,0x00000000ed67c010,0x00000000ed680000)
  to   space 2560K, 0% used [0x00000000ed180000,0x00000000ed180000,0x00000000ed400000)
 ParOldGen       total 44032K, used 6963K [0x00000000c1400000, 0x00000000c3f00000, 0x00000000eb180000)
  object space 44032K, 15% used [0x00000000c1400000,0x00000000c1accce8,0x00000000c3f00000)
 Metaspace       used 18234K, capacity 19038K, committed 19328K, reserved 1067008K
  class space    used 2431K, capacity 2641K, committed 2688K, reserved 1048576K
Event: 2.265 GC heap after
Heap after GC invocations=5 (full 0):
 PSYoungGen      total 35328K, used 2544K [0x00000000eb180000, 0x00000000efd80000, 0x0000000100000000)
  eden space 32768K, 0% used [0x00000000eb180000,0x00000000eb180000,0x00000000ed180000)
  from space 2560K, 99% used [0x00000000ed180000,0x00000000ed3fc010,0x00000000ed400000)
  to   space 6144K, 0% used [0x00000000ef780000,0x00000000ef780000,0x00000000efd80000)
 ParOldGen       total 44032K, used 9847K [0x00000000c1400000, 0x00000000c3f00000, 0x00000000eb180000)
  object space 44032K, 22% used [0x00000000c1400000,0x00000000c1d9dd38,0x00000000c3f00000)
 Metaspace       used 18234K, capacity 19038K, committed 19328K, reserved 1067008K
  class space    used 2431K, capacity 2641K, committed 2688K, reserved 1048576K
}
Event: 2.363 GC heap before
{Heap before GC invocations=6 (full 0):
 PSYoungGen      total 35328K, used 35312K [0x00000000eb180000, 0x00000000efd80000, 0x0000000100000000)
  eden space 32768K, 100% used [0x00000000eb180000,0x00000000ed180000,0x00000000ed180000)
  from space 2560K, 99% used [0x00000000ed180000,0x00000000ed3fc010,0x00000000ed400000)
  to   space 6144K, 0% used [0x00000000ef780000,0x00000000ef780000,0x00000000efd80000)
 ParOldGen       total 44032K, used 9847K [0x00000000c1400000, 0x00000000c3f00000, 0x00000000eb180000)
  object space 44032K, 22% used [0x00000000c1400000,0x00000000c1d9dd38,0x00000000c3f00000)
 Metaspace       used 18930K, capacity 19822K, committed 19968K, reserved 1067008K
  class space    used 2513K, capacity 2729K, committed 2816K, reserved 1048576K
Event: 2.370 GC heap after
Heap after GC invocations=6 (full 0):
 PSYoungGen      total 71680K, used 4011K [0x00000000eb180000, 0x00000000efd80000, 0x0000000100000000)
  eden space 65536K, 0% used [0x00000000eb180000,0x00000000eb180000,0x00000000ef180000)
  from space 6144K, 65% used [0x00000000ef780000,0x00000000efb6ae68,0x00000000efd80000)
  to   space 6144K, 0% used [0x00000000ef180000,0x00000000ef180000,0x00000000ef780000)
 ParOldGen       total 44032K, used 9855K [0x00000000c1400000, 0x00000000c3f00000, 0x00000000eb180000)
  object space 44032K, 22% used [0x00000000c1400000,0x00000000c1d9fd38,0x00000000c3f00000)
 Metaspace       used 18930K, capacity 19822K, committed 19968K, reserved 1067008K
  class space    used 2513K, capacity 2729K, committed 2816K, reserved 1048576K
}
Event: 2.747 GC heap before
{Heap before GC invocations=7 (full 0):
 PSYoungGen      total 71680K, used 32791K [0x00000000eb180000, 0x00000000efd80000, 0x0000000100000000)
  eden space 65536K, 43% used [0x00000000eb180000,0x00000000ecd9ae48,0x00000000ef180000)
  from space 6144K, 65% used [0x00000000ef780000,0x00000000efb6ae68,0x00000000efd80000)
  to   space 6144K, 0% used [0x00000000ef180000,0x00000000ef180000,0x00000000ef780000)
 ParOldGen       total 44032K, used 9855K [0x00000000c1400000, 0x00000000c3f00000, 0x00000000eb180000)
  object space 44032K, 22% used [0x00000000c1400000,0x00000000c1d9fd38,0x00000000c3f00000)
 Metaspace       used 20154K, capacity 21164K, committed 21296K, reserved 1067008K
  class space    used 2708K, capacity 2942K, committed 2944K, reserved 1048576K
Event: 2.761 GC heap after
Heap after GC invocations=7 (full 0):
 PSYoungGen      total 71680K, used 4876K [0x00000000eb180000, 0x00000000f3d80000, 0x0000000100000000)
  eden space 65536K, 0% used [0x00000000eb180000,0x00000000eb180000,0x00000000ef180000)
  from space 6144K, 79% used [0x00000000ef180000,0x00000000ef6430d8,0x00000000ef780000)
  to   space 6144K, 0% used [0x00000000f3780000,0x00000000f3780000,0x00000000f3d80000)
 ParOldGen       total 44032K, used 11317K [0x00000000c1400000, 0x00000000c3f00000, 0x00000000eb180000)
  object space 44032K, 25% used [0x00000000c1400000,0x00000000c1f0d4c8,0x00000000c3f00000)
 Metaspace       used 20154K, capacity 21164K, committed 21296K, reserved 1067008K
  class space    used 2708K, capacity 2942K, committed 2944K, reserved 1048576K
}
Event: 2.761 GC heap before
{Heap before GC invocations=8 (full 1):
 PSYoungGen      total 71680K, used 4876K [0x00000000eb180000, 0x00000000f3d80000, 0x0000000100000000)
  eden space 65536K, 0% used [0x00000000eb180000,0x00000000eb180000,0x00000000ef180000)
  from space 6144K, 79% used [0x00000000ef180000,0x00000000ef6430d8,0x00000000ef780000)
  to   space 6144K, 0% used [0x00000000f3780000,0x00000000f3780000,0x00000000f3d80000)
 ParOldGen       total 44032K, used 11317K [0x00000000c1400000, 0x00000000c3f00000, 0x00000000eb180000)
  object space 44032K, 25% used [0x00000000c1400000,0x00000000c1f0d4c8,0x00000000c3f00000)
 Metaspace       used 20154K, capacity 21164K, committed 21296K, reserved 1067008K
  class space    used 2708K, capacity 2942K, committed 2944K, reserved 1048576K
Event: 2.828 GC heap after
Heap after GC invocations=8 (full 1):
 PSYoungGen      total 71680K, used 0K [0x00000000eb180000, 0x00000000f3d80000, 0x0000000100000000)
  eden space 65536K, 0% used [0x00000000eb180000,0x00000000eb180000,0x00000000ef180000)
  from space 6144K, 0% used [0x00000000ef180000,0x00000000ef180000,0x00000000ef780000)
  to   space 6144K, 0% used [0x00000000f3780000,0x00000000f3780000,0x00000000f3d80000)
 ParOldGen       total 35328K, used 7790K [0x00000000c1400000, 0x00000000c3680000, 0x00000000eb180000)
  object space 35328K, 22% used [0x00000000c1400000,0x00000000c1b9ba38,0x00000000c3680000)
 Metaspace       used 20154K, capacity 21164K, committed 21296K, reserved 1067008K
  class space    used 2708K, capacity 2942K, committed 2944K, reserved 1048576K
}
Event: 3.853 GC heap before
{Heap before GC invocations=9 (full 1):
 PSYoungGen      total 71680K, used 65530K [0x00000000eb180000, 0x00000000f3d80000, 0x0000000100000000)
  eden space 65536K, 99% used [0x00000000eb180000,0x00000000ef17e9b8,0x00000000ef180000)
  from space 6144K, 0% used [0x00000000ef180000,0x00000000ef180000,0x00000000ef780000)
  to   space 6144K, 0% used [0x00000000f3780000,0x00000000f3780000,0x00000000f3d80000)
 ParOldGen       total 35328K, used 7790K [0x00000000c1400000, 0x00000000c3680000, 0x00000000eb180000)
  object space 35328K, 22% used [0x00000000c1400000,0x00000000c1b9ba38,0x00000000c3680000)
 Metaspace       used 25221K, capacity 26964K, committed 27136K, reserved 1073152K
  class space    used 3447K, capacity 3786K, committed 3840K, reserved 1048576K
Event: 3.867 GC heap after
Heap after GC invocations=9 (full 1):
 PSYoungGen      total 108032K, used 6141K [0x00000000eb180000, 0x00000000f3d80000, 0x0000000100000000)
  eden space 101888K, 0% used [0x00000000eb180000,0x00000000eb180000,0x00000000f1500000)
  from space 6144K, 99% used [0x00000000f3780000,0x00000000f3d7f788,0x00000000f3d80000)
  to   space 7680K, 0% used [0x00000000f2e80000,0x00000000f2e80000,0x00000000f3600000)
 ParOldGen       total 35328K, used 9638K [0x00000000c1400000, 0x00000000c3680000, 0x00000000eb180000)
  object space 35328K, 27% used [0x00000000c1400000,0x00000000c1d69b38,0x00000000c3680000)
 Metaspace       used 25221K, capacity 26964K, committed 27136K, reserved 1073152K
  class space    used 3447K, capacity 3786K, committed 3840K, reserved 1048576K
}

